[01:25:33] [Thread-4/INFO]: [STDOUT]: SERVER enter state: DORMANT
[01:25:33] [EnvServerSocketHandler/INFO]: Received Mission token da26a8d4-6630-44fa-9016-74b8ee2575e3:0:0:1:true
[01:25:33] [EnvServerSocketHandler/INFO]: Received mission init command  <MissionInit xmlns="http://ProjectMalmo.microsoft.com" xmlns:xsi="http://www.w3.org/2001/XMLSchema-instance" SchemaVersion="" PlatformVersion="0.37.0"><Mission><About><Summary>MineRLBasaltFindCave-v0</Summary></About><ModSettings><MsPerTick>50</MsPerTick></ModSettings><ServerSection><ServerInitialConditions><Time><AllowPassageOfTime>false</AllowPassageOfTime></Time><AllowSpawning>true</AllowSpawning></ServerInitialConditions><ServerHandlers><DefaultWorldGenerator forceReset="true" generatorOptions="{}"/><ServerQuitFromTimeUp timeLimitMs="180000" description="out_of_time"/><ServerQuitWhenAnyAgentFinishes/></ServerHandlers></ServerSection><AgentSection mode="Survival"><Name>MineRLAgent0</Name><AgentStart><LowLevelInputs>true</LowLevelInputs><GuiScale>1.0</GuiScale><GammaSetting>2.0</GammaSetting><FOVSetting>70.0</FOVSetting><FakeCursorSize>16</FakeCursorSize><Inventory/><PreferredSpawnBiome>plains</PreferredSpawnBiome><DoneOnDeath>true</DoneOnDeath></AgentStart><AgentHandlers><FileBasedPerformanceProducer/><PauseCommand/><VideoProducer want_depth="false"><Width>640</Width><Height>360</Height></VideoProducer><HumanLevelCommands/><CameraCommands/></AgentHandlers></AgentSection></Mission><ExperimentUID>da26a8d4-6630-44fa-9016-74b8ee2575e3</ExperimentUID><ClientRole>0</ClientRole><ClientAgentConnection><ClientIPAddress>127.0.0.1</ClientIPAddress><ClientMissionControlPort>0</ClientMissionControlPort><ClientCommandsPort>0</ClientCommandsPort><AgentIPAddress>127.0.0.1</AgentIPAddress><AgentMissionControlPort>0</AgentMissionControlPort><AgentVideoPort>0</AgentVideoPort><AgentDepthPort>0</AgentDepthPort><AgentLuminancePort>0</AgentLuminancePort><AgentObservationsPort>0</AgentObservationsPort><AgentRewardsPort>0</AgentRewardsPort><AgentColourMapPort>0</AgentColourMapPort></ClientAgentConnection></MissionInit>
[01:25:34] [Render thread/INFO]: [STDOUT]: *** creating fake mouse cursor ***
[01:25:38] [EnvServerSocketHandler/INFO]: [STDOUT]: Setting width, height to 640, 360
[01:25:38] [EnvServerSocketHandler/INFO]: [STDOUT]: Gamma: 2.0
[01:25:38] [EnvServerSocketHandler/INFO]: [STDOUT]: FOV: 70.0
[01:25:38] [EnvServerSocketHandler/INFO]: [STDOUT]: GuiScale: 1.0
[01:25:38] [Render thread/INFO]: [STDOUT]: Seed not provided, generating random one: 8527259377843256890
[01:25:40] [Render thread/WARN]: Ambiguity between arguments [teleport, destination] and [teleport, targets] with inputs: [Player, 0123, @e, dd12be42-52a9-4a91-a8a1-11c01849e498]
[01:25:40] [Render thread/WARN]: Ambiguity between arguments [teleport, location] and [teleport, destination] with inputs: [0.1 -0.5 .9, 0 0 0]
[01:25:40] [Render thread/WARN]: Ambiguity between arguments [teleport, location] and [teleport, targets] with inputs: [0.1 -0.5 .9, 0 0 0]
[01:25:40] [Render thread/WARN]: Ambiguity between arguments [teleport, targets] and [teleport, destination] with inputs: [Player, 0123, dd12be42-52a9-4a91-a8a1-11c01849e498]
[01:25:40] [Render thread/WARN]: Ambiguity between arguments [teleport, targets, location] and [teleport, targets, destination] with inputs: [0.1 -0.5 .9, 0 0 0]
[01:25:40] [Render thread/INFO]: Reloading ResourceManager: Default
[01:25:41] [Render thread/INFO]: Loaded 7 recipes
[01:25:41] [Render thread/INFO]: Loaded 927 advancements
[01:25:44] [Render thread/INFO]: Environment: authHost='https://authserver.mojang.com', accountsHost='https://api.mojang.com', sessionHost='https://sessionserver.mojang.com', servicesHost='https://api.minecraftservices.com', name='PROD'
[01:25:44] [Render thread/INFO]: Starting integrated minecraft server version 1.16.5
[01:25:44] [Render thread/INFO]: Generating keypair
[01:25:53] [Render thread/INFO]: Preparing start region for dimension minecraft:overworld
[01:26:13] [Render thread/INFO]: Changing view distance to 11, from 10
[01:26:13] [Render thread/INFO]: MineRLAgent0[local:E:5f972cde] logged in with entity id 138 at (994.5, 81.0, 234.5)
[01:26:13] [Render thread/INFO]: MineRLAgent0 joined the game
[01:26:14] [Render thread/INFO]: Preparing spawn area: 2%
[01:26:14] [Render thread/INFO]: Time elapsed: 5 ms
[01:26:14] [Render thread/INFO]: [STDOUT]: Starting new video null
[01:26:14] [Render thread/INFO]: Saving and pausing game...
[01:26:14] [Render thread/INFO]: Saving chunks for level 'ServerLevel[mcpworldec7b1bc9f34e]'/minecraft:overworld
[01:26:16] [Render thread/INFO]: Saving chunks for level 'ServerLevel[mcpworldec7b1bc9f34e]'/minecraft:the_nether
[01:26:16] [Render thread/INFO]: Saving chunks for level 'ServerLevel[mcpworldec7b1bc9f34e]'/minecraft:the_end
[01:26:17] [Render thread/INFO]: Loaded 0 advancements
[01:27:02] [EnvServerSocketHandler/INFO]: [STDOUT]: *** Stopping the replay, returning control to the inputs
