[02:04:27] [Thread-4/INFO]: [STDOUT]: SERVER enter state: DORMANT
[02:04:28] [EnvServerSocketHandler/INFO]: Received Mission token a141d32a-13bb-4d11-a0ec-6a610b05be00:0:0:1:true
[02:04:28] [EnvServerSocketHandler/INFO]: Received mission init command  <MissionInit xmlns="http://ProjectMalmo.microsoft.com" xmlns:xsi="http://www.w3.org/2001/XMLSchema-instance" SchemaVersion="" PlatformVersion="0.37.0"><Mission><About><Summary>MineRLBasaltFindCave-v0</Summary></About><ModSettings><MsPerTick>50</MsPerTick></ModSettings><ServerSection><ServerInitialConditions><Time><AllowPassageOfTime>false</AllowPassageOfTime></Time><AllowSpawning>true</AllowSpawning></ServerInitialConditions><ServerHandlers><DefaultWorldGenerator forceReset="true" generatorOptions="{}"/><ServerQuitFromTimeUp timeLimitMs="180000" description="out_of_time"/><ServerQuitWhenAnyAgentFinishes/></ServerHandlers></ServerSection><AgentSection mode="Survival"><Name>MineRLAgent0</Name><AgentStart><LowLevelInputs>true</LowLevelInputs><GuiScale>1.0</GuiScale><GammaSetting>2.0</GammaSetting><FOVSetting>70.0</FOVSetting><FakeCursorSize>16</FakeCursorSize><Inventory/><PreferredSpawnBiome>plains</PreferredSpawnBiome><DoneOnDeath>true</DoneOnDeath></AgentStart><AgentHandlers><FileBasedPerformanceProducer/><PauseCommand/><VideoProducer want_depth="false"><Width>640</Width><Height>360</Height></VideoProducer><HumanLevelCommands/><CameraCommands/></AgentHandlers></AgentSection></Mission><ExperimentUID>a141d32a-13bb-4d11-a0ec-6a610b05be00</ExperimentUID><ClientRole>0</ClientRole><ClientAgentConnection><ClientIPAddress>127.0.0.1</ClientIPAddress><ClientMissionControlPort>0</ClientMissionControlPort><ClientCommandsPort>0</ClientCommandsPort><AgentIPAddress>127.0.0.1</AgentIPAddress><AgentMissionControlPort>0</AgentMissionControlPort><AgentVideoPort>0</AgentVideoPort><AgentDepthPort>0</AgentDepthPort><AgentLuminancePort>0</AgentLuminancePort><AgentObservationsPort>0</AgentObservationsPort><AgentRewardsPort>0</AgentRewardsPort><AgentColourMapPort>0</AgentColourMapPort></ClientAgentConnection></MissionInit>
[02:04:28] [Render thread/INFO]: [STDOUT]: *** creating fake mouse cursor ***
[02:04:33] [EnvServerSocketHandler/INFO]: [STDOUT]: Setting width, height to 640, 360
[02:04:33] [EnvServerSocketHandler/INFO]: [STDOUT]: Gamma: 2.0
[02:04:33] [EnvServerSocketHandler/INFO]: [STDOUT]: FOV: 70.0
[02:04:33] [EnvServerSocketHandler/INFO]: [STDOUT]: GuiScale: 1.0
[02:04:33] [Render thread/INFO]: [STDOUT]: Seed not provided, generating random one: -6963931286437591770
[02:04:35] [Render thread/WARN]: Ambiguity between arguments [teleport, destination] and [teleport, targets] with inputs: [Player, 0123, @e, dd12be42-52a9-4a91-a8a1-11c01849e498]
[02:04:35] [Render thread/WARN]: Ambiguity between arguments [teleport, location] and [teleport, destination] with inputs: [0.1 -0.5 .9, 0 0 0]
[02:04:35] [Render thread/WARN]: Ambiguity between arguments [teleport, location] and [teleport, targets] with inputs: [0.1 -0.5 .9, 0 0 0]
[02:04:35] [Render thread/WARN]: Ambiguity between arguments [teleport, targets] and [teleport, destination] with inputs: [Player, 0123, dd12be42-52a9-4a91-a8a1-11c01849e498]
[02:04:35] [Render thread/WARN]: Ambiguity between arguments [teleport, targets, location] and [teleport, targets, destination] with inputs: [0.1 -0.5 .9, 0 0 0]
[02:04:35] [Render thread/INFO]: Reloading ResourceManager: Default
[02:04:36] [Render thread/INFO]: Loaded 7 recipes
[02:04:36] [Render thread/INFO]: Loaded 927 advancements
[02:04:38] [Render thread/INFO]: Environment: authHost='https://authserver.mojang.com', accountsHost='https://api.mojang.com', sessionHost='https://sessionserver.mojang.com', servicesHost='https://api.minecraftservices.com', name='PROD'
[02:04:38] [Render thread/INFO]: Starting integrated minecraft server version 1.16.5
[02:04:38] [Render thread/INFO]: Generating keypair
[02:04:48] [Render thread/INFO]: Preparing start region for dimension minecraft:overworld
[02:05:08] [Render thread/INFO]: Changing view distance to 11, from 10
[02:05:09] [Render thread/INFO]: MineRLAgent0[local:E:9bd6af1c] logged in with entity id 303 at (946.5, 64.0, -901.5)
[02:05:09] [Render thread/INFO]: MineRLAgent0 joined the game
[02:05:09] [Render thread/INFO]: Preparing spawn area: 0%
[02:05:09] [Render thread/INFO]: Time elapsed: 6 ms
[02:05:10] [Render thread/INFO]: [STDOUT]: Starting new video null
[02:05:10] [Render thread/INFO]: Saving and pausing game...
[02:05:10] [Render thread/INFO]: Saving chunks for level 'ServerLevel[mcpworld85b589cfba90]'/minecraft:overworld
[02:05:11] [Render thread/INFO]: Saving chunks for level 'ServerLevel[mcpworld85b589cfba90]'/minecraft:the_nether
[02:05:11] [Render thread/INFO]: Saving chunks for level 'ServerLevel[mcpworld85b589cfba90]'/minecraft:the_end
[02:05:11] [Render thread/INFO]: Loaded 0 advancements
[02:05:33] [Render thread/INFO]: Loaded 7 advancements
[02:05:33] [Render thread/WARN]: Unable to play empty soundEvent: minecraft:entity.salmon.ambient
[02:05:49] [Render thread/INFO]: Loaded 10 advancements
